<?xml version="1.0" encoding="UTF-8"?>
<testng-results skipped="0" failed="0" ignored="0" total="1" passed="1">
  <reporter-output>
  </reporter-output>
  <suite name="Default suite" duration-ms="15339" started-at="2018-04-01T16:13:08Z" finished-at="2018-04-01T16:13:23Z">
    <groups>
    </groups>
    <test name="Default test" duration-ms="15339" started-at="2018-04-01T16:13:08Z" finished-at="2018-04-01T16:13:23Z">
      <class name="SeleniumPrograms.window_handling">
        <test-method status="PASS" signature="windowhandling_ex()[pri:0, instance:SeleniumPrograms.window_handling@1fa1d9b]" name="windowhandling_ex" duration-ms="15282" started-at="2018-04-01T21:43:08Z" finished-at="2018-04-01T21:43:23Z">
          <reporter-output>
          </reporter-output>
        </test-method> <!-- windowhandling_ex -->
      </class> <!-- SeleniumPrograms.window_handling -->
    </test> <!-- Default test -->
  </suite> <!-- Default suite -->
</testng-results>
