<?xml version="1.0" encoding="UTF-8"?>
<!-- Generated by org.testng.reporters.JUnitXMLReporter -->
<testsuite hostname="LENOVO-PC" ignored="1" name="Test" tests="2" failures="0" timestamp="14 Mar 2018 18:53:23 GMT" time="0.128" errors="0">
  <testcase name="browser" time="0.032" classname="Testng.Grouping_ex"/>
  <testcase name="rediff" time="0.003" classname="Testng.atest"/>
  <testcase name="login" time="0.0" classname="Testng.Grouping_ex">
    <ignored/>
  </testcase> <!-- login -->
</testsuite> <!-- Test -->
